Determining if the pthread_create exist failed with the following output:
Change Dir: /home/wheeltec/wheeltec_robot/build/CMakeFiles/CMakeTmp

Run Build Command:"/usr/bin/make" "cmTC_096ef/fast"
/usr/bin/make -f CMakeFiles/cmTC_096ef.dir/build.make CMakeFiles/cmTC_096ef.dir/build
make[1]: Entering directory '/home/wheeltec/wheeltec_robot/build/CMakeFiles/CMakeTmp'
Building C object CMakeFiles/cmTC_096ef.dir/CheckSymbolExists.c.o
/usr/bin/cc    -o CMakeFiles/cmTC_096ef.dir/CheckSymbolExists.c.o   -c /home/wheeltec/wheeltec_robot/build/CMakeFiles/CMakeTmp/CheckSymbolExists.c
Linking C executable cmTC_096ef
/usr/bin/cmake -E cmake_link_script CMakeFiles/cmTC_096ef.dir/link.txt --verbose=1
/usr/bin/cc      -rdynamic CMakeFiles/cmTC_096ef.dir/CheckSymbolExists.c.o  -o cmTC_096ef 
CMakeFiles/cmTC_096ef.dir/CheckSymbolExists.c.o: In function `main':
CheckSymbolExists.c:(.text+0x14): undefined reference to `pthread_create'
CheckSymbolExists.c:(.text+0x18): undefined reference to `pthread_create'
collect2: error: ld returned 1 exit status
CMakeFiles/cmTC_096ef.dir/build.make:97: recipe for target 'cmTC_096ef' failed
make[1]: *** [cmTC_096ef] Error 1
make[1]: Leaving directory '/home/wheeltec/wheeltec_robot/build/CMakeFiles/CMakeTmp'
Makefile:126: recipe for target 'cmTC_096ef/fast' failed
make: *** [cmTC_096ef/fast] Error 2

File /home/wheeltec/wheeltec_robot/build/CMakeFiles/CMakeTmp/CheckSymbolExists.c:
/* */
#include <pthread.h>

int main(int argc, char** argv)
{
  (void)argv;
#ifndef pthread_create
  return ((int*)(&pthread_create))[argc];
#else
  (void)argc;
  return 0;
#endif
}

Determining if the function pthread_create exists in the pthreads failed with the following output:
Change Dir: /home/wheeltec/wheeltec_robot/build/CMakeFiles/CMakeTmp

Run Build Command:"/usr/bin/make" "cmTC_c4d44/fast"
/usr/bin/make -f CMakeFiles/cmTC_c4d44.dir/build.make CMakeFiles/cmTC_c4d44.dir/build
make[1]: Entering directory '/home/wheeltec/wheeltec_robot/build/CMakeFiles/CMakeTmp'
Building C object CMakeFiles/cmTC_c4d44.dir/CheckFunctionExists.c.o
/usr/bin/cc   -DCHECK_FUNCTION_EXISTS=pthread_create   -o CMakeFiles/cmTC_c4d44.dir/CheckFunctionExists.c.o   -c /usr/share/cmake-3.10/Modules/CheckFunctionExists.c
Linking C executable cmTC_c4d44
/usr/bin/cmake -E cmake_link_script CMakeFiles/cmTC_c4d44.dir/link.txt --verbose=1
/usr/bin/cc  -DCHECK_FUNCTION_EXISTS=pthread_create    -rdynamic CMakeFiles/cmTC_c4d44.dir/CheckFunctionExists.c.o  -o cmTC_c4d44 -lpthreads 
/usr/bin/ld: cannot find -lpthreads
collect2: error: ld returned 1 exit status
CMakeFiles/cmTC_c4d44.dir/build.make:97: recipe for target 'cmTC_c4d44' failed
make[1]: *** [cmTC_c4d44] Error 1
make[1]: Leaving directory '/home/wheeltec/wheeltec_robot/build/CMakeFiles/CMakeTmp'
Makefile:126: recipe for target 'cmTC_c4d44/fast' failed
make: *** [cmTC_c4d44/fast] Error 2


Determining if the include file pgm.h exists failed with the following output:
Change Dir: /home/wheeltec/wheeltec_robot/build/CMakeFiles/CMakeTmp

Run Build Command:"/usr/bin/make" "cmTC_e8b73/fast"
/usr/bin/make -f CMakeFiles/cmTC_e8b73.dir/build.make CMakeFiles/cmTC_e8b73.dir/build
make[1]: Entering directory '/home/wheeltec/wheeltec_robot/build/CMakeFiles/CMakeTmp'
Building CXX object CMakeFiles/cmTC_e8b73.dir/CheckIncludeFile.cxx.o
/usr/bin/c++     -o CMakeFiles/cmTC_e8b73.dir/CheckIncludeFile.cxx.o -c /home/wheeltec/wheeltec_robot/build/CMakeFiles/CMakeTmp/CheckIncludeFile.cxx
/home/wheeltec/wheeltec_robot/build/CMakeFiles/CMakeTmp/CheckIncludeFile.cxx:1:10: fatal error: pgm.h: No such file or directory
 #include <pgm.h>
          ^~~~~~~
compilation terminated.
CMakeFiles/cmTC_e8b73.dir/build.make:65: recipe for target 'CMakeFiles/cmTC_e8b73.dir/CheckIncludeFile.cxx.o' failed
make[1]: *** [CMakeFiles/cmTC_e8b73.dir/CheckIncludeFile.cxx.o] Error 1
make[1]: Leaving directory '/home/wheeltec/wheeltec_robot/build/CMakeFiles/CMakeTmp'
Makefile:126: recipe for target 'cmTC_e8b73/fast' failed
make: *** [cmTC_e8b73/fast] Error 2


